#
# There is insufficient memory for the Java Runtime Environment to continue.
# Native memory allocation (malloc) failed to allocate 2280096 bytes. Error detail: Chunk::new
# Possible reasons:
#   The system is out of physical RAM or swap space
#   This process is running with CompressedOops enabled, and the Java Heap may be blocking the growth of the native heap
# Possible solutions:
#   Reduce memory load on the system
#   Increase physical memory or swap space
#   Check if swap backing store is full
#   Decrease Java heap size (-Xmx/-Xms)
#   Decrease number of Java threads
#   Decrease Java thread stack sizes (-Xss)
#   Set larger code cache with -XX:ReservedCodeCacheSize=
#   JVM is running with Unscaled Compressed Oops mode in which the Java heap is
#     placed in the first 4GB address space. The Java Heap base address is the
#     maximum limit for the native heap growth. Please use -XX:HeapBaseMinAddress
#     to set the Java Heap base and to place the Java Heap above 4GB virtual address.
# This output file may be truncated or incomplete.
#
#  Out of Memory Error (arena.cpp:168), pid=15840, tid=28500
#
# JRE version: OpenJDK Runtime Environment Microsoft-11369940 (21.0.7+6) (build 21.0.7+6-LTS)
# Java VM: OpenJDK 64-Bit Server VM Microsoft-11369940 (21.0.7+6-LTS, mixed mode, sharing, tiered, compressed oops, compressed class ptrs, g1 gc, windows-amd64)
# No core dump will be written. Minidumps are not enabled by default on client versions of Windows
#

---------------  S U M M A R Y ------------

Command Line: -Dallure.results.directory=C:\Users\admin\IdeaProjects\LerningProjectUISelenide\build\allure-results -Ddebugger.agent.enable.coroutines=true -Djunit.jupiter.extensions.autodetection.enabled=true -Dkotlinx.coroutines.debug.enable.creation.stack.trace=false -Dkotlinx.coroutines.debug.enable.flows.stack.trace=true -Dkotlinx.coroutines.debug.enable.mutable.state.flows.stack.trace=true -Dorg.gradle.internal.worker.tmpdir=C:\Users\admin\IdeaProjects\LerningProjectUISelenide\build\tmp\test\work -agentlib:jdwp=transport=dt_socket,server=n,suspend=y,address=127.0.0.1:31711 -javaagent:C:\Users\admin\AppData\Local\JetBrains\IdeaIC2025.1\captureAgent\debugger-agent.jar=file:///C:/Users/admin/AppData/Local/Temp/capture9211268994525790244.props -javaagent:C:\Users\admin\.gradle\caches\modules-2\files-2.1\org.aspectj\aspectjweaver\1.9.22.1\bca243d0af0db4758fbae45c5f4995cb5dabb612\aspectjweaver-1.9.22.1.jar -Xmx512m -Dfile.encoding=UTF-8 -Duser.country=RU -Duser.language=ru -Duser.variant -ea worker.org.gradle.process.internal.worker.GradleWorkerMain 'Gradle Test Executor 15'

Host: 12th Gen Intel(R) Core(TM) i5-12450H, 12 cores, 15G,  Windows 11 , 64 bit Build 26100 (10.0.26100.4484)
Time: Fri Aug  1 17:52:55 2025 RTZ 2 (s 11 , 64 bit Build 26100 (10.0.26100.4484) elapsed time: 7.166215 seconds (0d 0h 0m 7s)

---------------  T H R E A D  ---------------

Current thread (0x000001cfb07df8d0):  JavaThread "C2 CompilerThread0" daemon [_thread_in_native, id=28500, stack(0x000000577b800000,0x000000577b900000) (1024K)]


Current CompileTask:
C2:7166 3924       4       org.aspectj.util.GenericSignatureParser::tokenize (822 bytes)

Stack: [0x000000577b800000,0x000000577b900000]
Native frames: (J=compiled Java code, j=interpreted, Vv=VM code, C=native code)
V  [jvm.dll+0x6d4bb9]
V  [jvm.dll+0x8afa11]
V  [jvm.dll+0x8b1f3e]
V  [jvm.dll+0x8b2623]
V  [jvm.dll+0x280816]
V  [jvm.dll+0xc52bd]
V  [jvm.dll+0xc57f3]
V  [jvm.dll+0x3bbd5c]
V  [jvm.dll+0x3884b0]
V  [jvm.dll+0x38792a]
V  [jvm.dll+0x248405]
V  [jvm.dll+0x2479df]
V  [jvm.dll+0x1c7aaf]
V  [jvm.dll+0x257819]
V  [jvm.dll+0x255bca]
V  [jvm.dll+0x3f5af6]
V  [jvm.dll+0x85916b]
V  [jvm.dll+0x6d327d]
C  [ucrtbase.dll+0x37b0]
C  [KERNEL32.DLL+0x2e8d7]
C  [ntdll.dll+0x3c34c]


---------------  P R O C E S S  ---------------

Threads class SMR info:
_java_thread_list=0x000001cff82516f0, length=35, elements={
0x000001cf954d4b20, 0x000001cfb07cbf50, 0x000001cfb07ccaa0, 0x000001cfb07d0de0,
0x000001cfb07d3840, 0x000001cfb07d4290, 0x000001cfb07d5850, 0x000001cfb07df8d0,
0x000001cfb07dd540, 0x000001cfb08ea2e0, 0x000001cfb09ca120, 0x000001cfb09cf140,
0x000001cfb0a29df0, 0x000001cfb09c2c70, 0x000001cff65782e0, 0x000001cff7ae7ee0,
0x000001cff7361580, 0x000001cff7361c10, 0x000001cff7362930, 0x000001cffb254b60,
0x000001cffb2565a0, 0x000001cffb253120, 0x000001cffb258d00, 0x000001cffb257fe0,
0x000001cffb258670, 0x000001cffb255f10, 0x000001cffb255880, 0x000001cffb259a20,
0x000001cffb25a0b0, 0x000001cffb256c30, 0x000001cffb2572c0, 0x000001cffb259390,
0x000001cffb25a740, 0x000001cffb257950, 0x000001cffb663fd0
}

Java Threads: ( => current thread )
  0x000001cf954d4b20 JavaThread "Test worker"                       [_thread_in_Java, id=15304, stack(0x000000577aa00000,0x000000577ab00000) (1024K)]
  0x000001cfb07cbf50 JavaThread "Reference Handler"          daemon [_thread_blocked, id=22872, stack(0x000000577b200000,0x000000577b300000) (1024K)]
  0x000001cfb07ccaa0 JavaThread "Finalizer"                  daemon [_thread_blocked, id=15028, stack(0x000000577b300000,0x000000577b400000) (1024K)]
  0x000001cfb07d0de0 JavaThread "Signal Dispatcher"          daemon [_thread_blocked, id=11660, stack(0x000000577b400000,0x000000577b500000) (1024K)]
  0x000001cfb07d3840 JavaThread "Attach Listener"            daemon [_thread_blocked, id=8584, stack(0x000000577b500000,0x000000577b600000) (1024K)]
  0x000001cfb07d4290 JavaThread "Service Thread"             daemon [_thread_blocked, id=26632, stack(0x000000577b600000,0x000000577b700000) (1024K)]
  0x000001cfb07d5850 JavaThread "Monitor Deflation Thread"   daemon [_thread_blocked, id=22948, stack(0x000000577b700000,0x000000577b800000) (1024K)]
=>0x000001cfb07df8d0 JavaThread "C2 CompilerThread0"         daemon [_thread_in_native, id=28500, stack(0x000000577b800000,0x000000577b900000) (1024K)]
  0x000001cfb07dd540 JavaThread "C1 CompilerThread0"         daemon [_thread_blocked, id=13232, stack(0x000000577b900000,0x000000577ba00000) (1024K)]
  0x000001cfb08ea2e0 JavaThread "Common-Cleaner"             daemon [_thread_blocked, id=23328, stack(0x000000577ba00000,0x000000577bb00000) (1024K)]
  0x000001cfb09ca120 JavaThread "JDWP Transport Listener: dt_socket" daemon [_thread_blocked, id=20172, stack(0x000000577bb00000,0x000000577bc00000) (1024K)]
  0x000001cfb09cf140 JavaThread "JDWP Event Helper Thread"   daemon [_thread_blocked, id=27160, stack(0x000000577bc00000,0x000000577bd00000) (1024K)]
  0x000001cfb0a29df0 JavaThread "JDWP Command Reader"        daemon [_thread_in_native, id=16192, stack(0x000000577bd00000,0x000000577be00000) (1024K)]
  0x000001cfb09c2c70 JavaThread "IntelliJ Suspend Helper"    daemon [_thread_blocked, id=12996, stack(0x000000577be00000,0x000000577bf00000) (1024K)]
  0x000001cff65782e0 JavaThread "Notification Thread"        daemon [_thread_blocked, id=19084, stack(0x000000577c000000,0x000000577c100000) (1024K)]
  0x000001cff7ae7ee0 JavaThread "/127.0.0.1:31715 to /127.0.0.1:31713 workers"        [_thread_blocked, id=11500, stack(0x000000577cb00000,0x000000577cc00000) (1024K)]
  0x000001cff7361580 JavaThread "/127.0.0.1:31715 to /127.0.0.1:31713 workers Thread 2"        [_thread_blocked, id=21560, stack(0x000000577cc00000,0x000000577cd00000) (1024K)]
  0x000001cff7361c10 JavaThread "/127.0.0.1:31715 to /127.0.0.1:31713 workers Thread 3"        [_thread_in_native, id=6856, stack(0x000000577cd00000,0x000000577ce00000) (1024K)]
  0x000001cff7362930 JavaThread "ForkJoinPool.commonPool-worker-1" daemon [_thread_blocked, id=20356, stack(0x000000577d000000,0x000000577d100000) (1024K)]
  0x000001cffb254b60 JavaThread "HttpClient-1-SelectorManager" daemon [_thread_in_native, id=4508, stack(0x000000577d100000,0x000000577d200000) (1024K)]
  0x000001cffb2565a0 JavaThread "External Process Output Forwarder - C:\Program Files\Google\Chrome\Application\chromedriver-win64\chromedriver.exe" daemon [_thread_in_native, id=24200, stack(0x000000577d200000,0x000000577d300000) (1024K)]
  0x000001cffb253120 JavaThread "Driver Service Executor"    daemon [_thread_blocked, id=28616, stack(0x000000577d300000,0x000000577d400000) (1024K)]
  0x000001cffb258d00 JavaThread "Driver Service Executor"    daemon [_thread_in_native, id=15696, stack(0x000000577d400000,0x000000577d500000) (1024K)]
  0x000001cffb257fe0 JavaThread "UrlChecker-2"               daemon [_thread_blocked, id=26228, stack(0x000000577d500000,0x000000577d600000) (1024K)]
  0x000001cffb258670 JavaThread "Keep-Alive-Timer"           daemon [_thread_blocked, id=20952, stack(0x000000577d600000,0x000000577d700000) (1024K)]
  0x000001cffb255f10 JavaThread "JdkHttpClient-0-0"          daemon [_thread_blocked, id=1736, stack(0x000000577d700000,0x000000577d800000) (1024K)]
  0x000001cffb255880 JavaThread "CompletableFutureDelayScheduler" daemon [_thread_blocked, id=24608, stack(0x000000577d800000,0x000000577d900000) (1024K)]
  0x000001cffb259a20 JavaThread "JdkHttpClient-0-1"          daemon [_thread_blocked, id=28592, stack(0x000000577d900000,0x000000577da00000) (1024K)]
  0x000001cffb25a0b0 JavaThread "JdkHttpClient-0-2"          daemon [_thread_blocked, id=14648, stack(0x000000577da00000,0x000000577db00000) (1024K)]
  0x000001cffb256c30 JavaThread "JdkHttpClient-0-3"          daemon [_thread_blocked, id=1672, stack(0x000000577db00000,0x000000577dc00000) (1024K)]
  0x000001cffb2572c0 JavaThread "HttpClient-2-SelectorManager" daemon [_thread_in_native, id=23692, stack(0x000000577bf00000,0x000000577c000000) (1024K)]
  0x000001cffb259390 JavaThread "JdkHttpClient-1-0"          daemon [_thread_blocked, id=24460, stack(0x000000577dc00000,0x000000577dd00000) (1024K)]
  0x000001cffb25a740 JavaThread "JdkHttpClient-1-1"          daemon [_thread_blocked, id=28632, stack(0x000000577dd00000,0x000000577de00000) (1024K)]
  0x000001cffb257950 JavaThread "JdkHttpClient-1-2"          daemon [_thread_blocked, id=13640, stack(0x000000577de00000,0x000000577df00000) (1024K)]
  0x000001cffb663fd0 JavaThread "C2 CompilerThread1"         daemon [_thread_in_native, id=20640, stack(0x000000577df00000,0x000000577e000000) (1024K)]
Total: 35

Other Threads:
  0x000001cfb07b3170 VMThread "VM Thread"                           [id=18060, stack(0x000000577b100000,0x000000577b200000) (1024K)]
  0x000001cfb07a1600 WatcherThread "VM Periodic Task Thread"        [id=784, stack(0x000000577b000000,0x000000577b100000) (1024K)]
  0x000001cf955015e0 WorkerThread "GC Thread#0"                     [id=17864, stack(0x000000577ab00000,0x000000577ac00000) (1024K)]
  0x000001cff682f0f0 WorkerThread "GC Thread#1"                     [id=28756, stack(0x000000577c100000,0x000000577c200000) (1024K)]
  0x000001cff682ff70 WorkerThread "GC Thread#2"                     [id=22420, stack(0x000000577c200000,0x000000577c300000) (1024K)]
  0x000001cff682f490 WorkerThread "GC Thread#3"                     [id=11064, stack(0x000000577c300000,0x000000577c400000) (1024K)]
  0x000001cff682f830 WorkerThread "GC Thread#4"                     [id=24432, stack(0x000000577c400000,0x000000577c500000) (1024K)]
  0x000001cff682e610 WorkerThread "GC Thread#5"                     [id=28228, stack(0x000000577c500000,0x000000577c600000) (1024K)]
  0x000001cff682fbd0 WorkerThread "GC Thread#6"                     [id=25372, stack(0x000000577c600000,0x000000577c700000) (1024K)]
  0x000001cff6dddd30 WorkerThread "GC Thread#7"                     [id=28316, stack(0x000000577c700000,0x000000577c800000) (1024K)]
  0x000001cff6ddebb0 WorkerThread "GC Thread#8"                     [id=22664, stack(0x000000577c800000,0x000000577c900000) (1024K)]
  0x000001cff6ddfa30 WorkerThread "GC Thread#9"                     [id=14292, stack(0x000000577c900000,0x000000577ca00000) (1024K)]
  0x000001cf955064d0 ConcurrentGCThread "G1 Main Marker"            [id=7044, stack(0x000000577ac00000,0x000000577ad00000) (1024K)]
  0x000001cf95506ee0 WorkerThread "G1 Conc#0"                       [id=26564, stack(0x000000577ad00000,0x000000577ae00000) (1024K)]
  0x000001cff9349ae0 WorkerThread "G1 Conc#1"                       [id=18428, stack(0x000000577ce00000,0x000000577cf00000) (1024K)]
  0x000001cff934c2c0 WorkerThread "G1 Conc#2"                       [id=3224, stack(0x000000577cf00000,0x000000577d000000) (1024K)]
  0x000001cfb06756a0 ConcurrentGCThread "G1 Refine#0"               [id=17640, stack(0x000000577ae00000,0x000000577af00000) (1024K)]
  0x000001cfb0676a30 ConcurrentGCThread "G1 Service"                [id=9884, stack(0x000000577af00000,0x000000577b000000) (1024K)]
Total: 18

Threads with active compile tasks:
C2 CompilerThread0  7184 3924       4       org.aspectj.util.GenericSignatureParser::tokenize (822 bytes)
C2 CompilerThread1  7184 3970       4       org.aspectj.weaver.UnresolvedType::signatureToName (690 bytes)
Total: 2

VM state: not at safepoint (normal execution)

VM Mutex/Monitor currently owned by a thread: None

Heap address: 0x00000000e0000000, size: 512 MB, Compressed Oops mode: 32-bit

CDS archive(s) mapped at: [0x000001cfb1000000-0x000001cfb1c80000-0x000001cfb1c80000), size 13107200, SharedBaseAddress: 0x000001cfb1000000, ArchiveRelocationMode: 1.
Compressed class space mapped at: 0x000001cfb2000000-0x000001cff2000000, reserved size: 1073741824
Narrow klass base: 0x000001cfb1000000, Narrow klass shift: 0, Narrow klass range: 0x100000000

GC Precious Log:
 CardTable entry size: 512
 Card Set container configuration: InlinePtr #cards 5 size 8 Array Of Cards #cards 12 size 40 Howl #buckets 4 coarsen threshold 1843 Howl Bitmap #cards 512 size 80 coarsen threshold 460 Card regions per heap region 1 cards per card region 2048
 CPUs: 12 total, 12 available
 Memory: 16108M
 Large Page Support: Disabled
 NUMA Support: Disabled
 Compressed Oops: Enabled (32-bit)
 Heap Region Size: 1M
 Heap Min Capacity: 8M
 Heap Initial Capacity: 252M
 Heap Max Capacity: 512M
 Pre-touch: Disabled
 Parallel Workers: 10
 Concurrent Workers: 3
 Concurrent Refinement Workers: 10
 Periodic GC: Disabled

Heap:
 garbage-first heap   total 104448K, used 47733K [0x00000000e0000000, 0x0000000100000000)
  region size 1024K, 19 young (19456K), 6 survivors (6144K)
 Metaspace       used 34046K, committed 34496K, reserved 1114112K
  class space    used 3789K, committed 3968K, reserved 1048576K

Heap Regions: E=young(eden), S=young(survivor), O=old, HS=humongous(starts), HC=humongous(continues), CS=collection set, F=free, TAMS=top-at-mark-start, PB=parsable bottom
|   0|0x00000000e0000000, 0x00000000e0100000, 0x00000000e0100000|100%|HS|  |TAMS 0x00000000e0000000| PB 0x00000000e0000000| Complete 
|   1|0x00000000e0100000, 0x00000000e0200000, 0x00000000e0200000|100%| O|  |TAMS 0x00000000e0100000| PB 0x00000000e0100000| Untracked 
|   2|0x00000000e0200000, 0x00000000e0300000, 0x00000000e0300000|100%| O|  |TAMS 0x00000000e0200000| PB 0x00000000e0200000| Untracked 
|   3|0x00000000e0300000, 0x00000000e0400000, 0x00000000e0400000|100%| O|  |TAMS 0x00000000e0300000| PB 0x00000000e0300000| Untracked 
|   4|0x00000000e0400000, 0x00000000e0400000, 0x00000000e0500000|  0%| F|  |TAMS 0x00000000e0400000| PB 0x00000000e0400000| Untracked 
|   5|0x00000000e0500000, 0x00000000e0600000, 0x00000000e0600000|100%| O|  |TAMS 0x00000000e0500000| PB 0x00000000e0500000| Untracked 
|   6|0x00000000e0600000, 0x00000000e0700000, 0x00000000e0700000|100%| O|  |TAMS 0x00000000e0600000| PB 0x00000000e0600000| Untracked 
|   7|0x00000000e0700000, 0x00000000e0800000, 0x00000000e0800000|100%| O|  |TAMS 0x00000000e0700000| PB 0x00000000e0700000| Untracked 
|   8|0x00000000e0800000, 0x00000000e0900000, 0x00000000e0900000|100%| O|  |TAMS 0x00000000e0800000| PB 0x00000000e0800000| Untracked 
|   9|0x00000000e0900000, 0x00000000e0a00000, 0x00000000e0a00000|100%| O|  |TAMS 0x00000000e0900000| PB 0x00000000e0900000| Untracked 
|  10|0x00000000e0a00000, 0x00000000e0b00000, 0x00000000e0b00000|100%| O|  |TAMS 0x00000000e0a00000| PB 0x00000000e0a00000| Untracked 
|  11|0x00000000e0b00000, 0x00000000e0b9d7d0, 0x00000000e0c00000| 61%| O|  |TAMS 0x00000000e0b00000| PB 0x00000000e0b00000| Untracked 
|  12|0x00000000e0c00000, 0x00000000e0c00000, 0x00000000e0d00000|  0%| F|  |TAMS 0x00000000e0c00000| PB 0x00000000e0c00000| Untracked 
|  13|0x00000000e0d00000, 0x00000000e0d00000, 0x00000000e0e00000|  0%| F|  |TAMS 0x00000000e0d00000| PB 0x00000000e0d00000| Untracked 
|  14|0x00000000e0e00000, 0x00000000e0e00000, 0x00000000e0f00000|  0%| F|  |TAMS 0x00000000e0e00000| PB 0x00000000e0e00000| Untracked 
|  15|0x00000000e0f00000, 0x00000000e0f00000, 0x00000000e1000000|  0%| F|  |TAMS 0x00000000e0f00000| PB 0x00000000e0f00000| Untracked 
|  16|0x00000000e1000000, 0x00000000e1000000, 0x00000000e1100000|  0%| F|  |TAMS 0x00000000e1000000| PB 0x00000000e1000000| Untracked 
|  17|0x00000000e1100000, 0x00000000e1100000, 0x00000000e1200000|  0%| F|  |TAMS 0x00000000e1100000| PB 0x00000000e1100000| Untracked 
|  18|0x00000000e1200000, 0x00000000e1300000, 0x00000000e1300000|100%| S|CS|TAMS 0x00000000e1200000| PB 0x00000000e1200000| Complete 
|  19|0x00000000e1300000, 0x00000000e1400000, 0x00000000e1400000|100%| S|CS|TAMS 0x00000000e1300000| PB 0x00000000e1300000| Complete 
|  20|0x00000000e1400000, 0x00000000e1500000, 0x00000000e1500000|100%| S|CS|TAMS 0x00000000e1400000| PB 0x00000000e1400000| Complete 
|  21|0x00000000e1500000, 0x00000000e1600000, 0x00000000e1600000|100%| S|CS|TAMS 0x00000000e1500000| PB 0x00000000e1500000| Complete 
|  22|0x00000000e1600000, 0x00000000e1700000, 0x00000000e1700000|100%| S|CS|TAMS 0x00000000e1600000| PB 0x00000000e1600000| Complete 
|  23|0x00000000e1700000, 0x00000000e1800000, 0x00000000e1800000|100%| S|CS|TAMS 0x00000000e1700000| PB 0x00000000e1700000| Complete 
|  24|0x00000000e1800000, 0x00000000e1800000, 0x00000000e1900000|  0%| F|  |TAMS 0x00000000e1800000| PB 0x00000000e1800000| Untracked 
|  25|0x00000000e1900000, 0x00000000e1900000, 0x00000000e1a00000|  0%| F|  |TAMS 0x00000000e1900000| PB 0x00000000e1900000| Untracked 
|  26|0x00000000e1a00000, 0x00000000e1a00000, 0x00000000e1b00000|  0%| F|  |TAMS 0x00000000e1a00000| PB 0x00000000e1a00000| Untracked 
|  27|0x00000000e1b00000, 0x00000000e1b00000, 0x00000000e1c00000|  0%| F|  |TAMS 0x00000000e1b00000| PB 0x00000000e1b00000| Untracked 
|  28|0x00000000e1c00000, 0x00000000e1c00000, 0x00000000e1d00000|  0%| F|  |TAMS 0x00000000e1c00000| PB 0x00000000e1c00000| Untracked 
|  29|0x00000000e1d00000, 0x00000000e1d00000, 0x00000000e1e00000|  0%| F|  |TAMS 0x00000000e1d00000| PB 0x00000000e1d00000| Untracked 
|  30|0x00000000e1e00000, 0x00000000e1e00000, 0x00000000e1f00000|  0%| F|  |TAMS 0x00000000e1e00000| PB 0x00000000e1e00000| Untracked 
|  31|0x00000000e1f00000, 0x00000000e1f00000, 0x00000000e2000000|  0%| F|  |TAMS 0x00000000e1f00000| PB 0x00000000e1f00000| Untracked 
|  32|0x00000000e2000000, 0x00000000e2000000, 0x00000000e2100000|  0%| F|  |TAMS 0x00000000e2000000| PB 0x00000000e2000000| Untracked 
|  33|0x00000000e2100000, 0x00000000e2100000, 0x00000000e2200000|  0%| F|  |TAMS 0x00000000e2100000| PB 0x00000000e2100000| Untracked 
|  34|0x00000000e2200000, 0x00000000e2200000, 0x00000000e2300000|  0%| F|  |TAMS 0x00000000e2200000| PB 0x00000000e2200000| Untracked 
|  35|0x00000000e2300000, 0x00000000e2300000, 0x00000000e2400000|  0%| F|  |TAMS 0x00000000e2300000| PB 0x00000000e2300000| Untracked 
|  36|0x00000000e2400000, 0x00000000e2400000, 0x00000000e2500000|  0%| F|  |TAMS 0x00000000e2400000| PB 0x00000000e2400000| Untracked 
|  37|0x00000000e2500000, 0x00000000e2500000, 0x00000000e2600000|  0%| F|  |TAMS 0x00000000e2500000| PB 0x00000000e2500000| Untracked 
|  38|0x00000000e2600000, 0x00000000e2600000, 0x00000000e2700000|  0%| F|  |TAMS 0x00000000e2600000| PB 0x00000000e2600000| Untracked 
|  39|0x00000000e2700000, 0x00000000e2700000, 0x00000000e2800000|  0%| F|  |TAMS 0x00000000e2700000| PB 0x00000000e2700000| Untracked 
|  40|0x00000000e2800000, 0x00000000e2800000, 0x00000000e2900000|  0%| F|  |TAMS 0x00000000e2800000| PB 0x00000000e2800000| Untracked 
|  41|0x00000000e2900000, 0x00000000e2900000, 0x00000000e2a00000|  0%| F|  |TAMS 0x00000000e2900000| PB 0x00000000e2900000| Untracked 
|  42|0x00000000e2a00000, 0x00000000e2a00000, 0x00000000e2b00000|  0%| F|  |TAMS 0x00000000e2a00000| PB 0x00000000e2a00000| Untracked 
|  43|0x00000000e2b00000, 0x00000000e2b00000, 0x00000000e2c00000|  0%| F|  |TAMS 0x00000000e2b00000| PB 0x00000000e2b00000| Untracked 
|  44|0x00000000e2c00000, 0x00000000e2c00000, 0x00000000e2d00000|  0%| F|  |TAMS 0x00000000e2c00000| PB 0x00000000e2c00000| Untracked 
|  45|0x00000000e2d00000, 0x00000000e2d00000, 0x00000000e2e00000|  0%| F|  |TAMS 0x00000000e2d00000| PB 0x00000000e2d00000| Untracked 
|  46|0x00000000e2e00000, 0x00000000e2e00000, 0x00000000e2f00000|  0%| F|  |TAMS 0x00000000e2e00000| PB 0x00000000e2e00000| Untracked 
|  47|0x00000000e2f00000, 0x00000000e2f00000, 0x00000000e3000000|  0%| F|  |TAMS 0x00000000e2f00000| PB 0x00000000e2f00000| Untracked 
|  48|0x00000000e3000000, 0x00000000e3000000, 0x00000000e3100000|  0%| F|  |TAMS 0x00000000e3000000| PB 0x00000000e3000000| Untracked 
|  49|0x00000000e3100000, 0x00000000e3100000, 0x00000000e3200000|  0%| F|  |TAMS 0x00000000e3100000| PB 0x00000000e3100000| Untracked 
|  50|0x00000000e3200000, 0x00000000e3200000, 0x00000000e3300000|  0%| F|  |TAMS 0x00000000e3200000| PB 0x00000000e3200000| Untracked 
|  51|0x00000000e3300000, 0x00000000e3300000, 0x00000000e3400000|  0%| F|  |TAMS 0x00000000e3300000| PB 0x00000000e3300000| Untracked 
|  52|0x00000000e3400000, 0x00000000e3400000, 0x00000000e3500000|  0%| F|  |TAMS 0x00000000e3400000| PB 0x00000000e3400000| Untracked 
|  53|0x00000000e3500000, 0x00000000e3500000, 0x00000000e3600000|  0%| F|  |TAMS 0x00000000e3500000| PB 0x00000000e3500000| Untracked 
|  54|0x00000000e3600000, 0x00000000e3600000, 0x00000000e3700000|  0%| F|  |TAMS 0x00000000e3600000| PB 0x00000000e3600000| Untracked 
|  55|0x00000000e3700000, 0x00000000e3700000, 0x00000000e3800000|  0%| F|  |TAMS 0x00000000e3700000| PB 0x00000000e3700000| Untracked 
|  56|0x00000000e3800000, 0x00000000e3800000, 0x00000000e3900000|  0%| F|  |TAMS 0x00000000e3800000| PB 0x00000000e3800000| Untracked 
|  57|0x00000000e3900000, 0x00000000e3900000, 0x00000000e3a00000|  0%| F|  |TAMS 0x00000000e3900000| PB 0x00000000e3900000| Untracked 
|  58|0x00000000e3a00000, 0x00000000e3a00000, 0x00000000e3b00000|  0%| F|  |TAMS 0x00000000e3a00000| PB 0x00000000e3a00000| Untracked 
|  59|0x00000000e3b00000, 0x00000000e3b00000, 0x00000000e3c00000|  0%| F|  |TAMS 0x00000000e3b00000| PB 0x00000000e3b00000| Untracked 
|  60|0x00000000e3c00000, 0x00000000e3c00000, 0x00000000e3d00000|  0%| F|  |TAMS 0x00000000e3c00000| PB 0x00000000e3c00000| Untracked 
|  61|0x00000000e3d00000, 0x00000000e3d00000, 0x00000000e3e00000|  0%| F|  |TAMS 0x00000000e3d00000| PB 0x00000000e3d00000| Untracked 
|  62|0x00000000e3e00000, 0x00000000e3e00000, 0x00000000e3f00000|  0%| F|  |TAMS 0x00000000e3e00000| PB 0x00000000e3e00000| Untracked 
|  63|0x00000000e3f00000, 0x00000000e3f00000, 0x00000000e4000000|  0%| F|  |TAMS 0x00000000e3f00000| PB 0x00000000e3f00000| Untracked 
| 131|0x00000000e8300000, 0x00000000e8300000, 0x00000000e8400000|  0%| F|  |TAMS 0x00000000e8300000| PB 0x00000000e8300000| Untracked 
| 132|0x00000000e8400000, 0x00000000e8400000, 0x00000000e8500000|  0%| F|  |TAMS 0x00000000e8400000| PB 0x00000000e8400000| Untracked 
| 133|0x00000000e8500000, 0x00000000e8500000, 0x00000000e8600000|  0%| F|  |TAMS 0x00000000e8500000| PB 0x00000000e8500000| Untracked 
| 134|0x00000000e8600000, 0x00000000e8600000, 0x00000000e8700000|  0%| F|  |TAMS 0x00000000e8600000| PB 0x00000000e8600000| Untracked 
| 135|0x00000000e8700000, 0x00000000e8700000, 0x00000000e8800000|  0%| F|  |TAMS 0x00000000e8700000| PB 0x00000000e8700000| Untracked 
| 136|0x00000000e8800000, 0x00000000e8800000, 0x00000000e8900000|  0%| F|  |TAMS 0x00000000e8800000| PB 0x00000000e8800000| Untracked 
| 137|0x00000000e8900000, 0x00000000e8900000, 0x00000000e8a00000|  0%| F|  |TAMS 0x00000000e8900000| PB 0x00000000e8900000| Untracked 
| 138|0x00000000e8a00000, 0x00000000e8a80000, 0x00000000e8b00000| 50%| E|  |TAMS 0x00000000e8a00000| PB 0x00000000e8a00000| Complete 
| 139|0x00000000e8b00000, 0x00000000e8c00000, 0x00000000e8c00000|100%| E|CS|TAMS 0x00000000e8b00000| PB 0x00000000e8b00000| Complete 
| 140|0x00000000e8c00000, 0x00000000e8d00000, 0x00000000e8d00000|100%| E|CS|TAMS 0x00000000e8c00000| PB 0x00000000e8c00000| Complete 
| 141|0x00000000e8d00000, 0x00000000e8e00000, 0x00000000e8e00000|100%| E|CS|TAMS 0x00000000e8d00000| PB 0x00000000e8d00000| Complete 
| 142|0x00000000e8e00000, 0x00000000e8f00000, 0x00000000e8f00000|100%| E|CS|TAMS 0x00000000e8e00000| PB 0x00000000e8e00000| Complete 
| 143|0x00000000e8f00000, 0x00000000e9000000, 0x00000000e9000000|100%| E|CS|TAMS 0x00000000e8f00000| PB 0x00000000e8f00000| Complete 
| 144|0x00000000e9000000, 0x00000000e9100000, 0x00000000e9100000|100%| E|CS|TAMS 0x00000000e9000000| PB 0x00000000e9000000| Complete 
| 145|0x00000000e9100000, 0x00000000e9200000, 0x00000000e9200000|100%| E|CS|TAMS 0x00000000e9100000| PB 0x00000000e9100000| Complete 
| 146|0x00000000e9200000, 0x00000000e9300000, 0x00000000e9300000|100%| E|CS|TAMS 0x00000000e9200000| PB 0x00000000e9200000| Complete 
| 147|0x00000000e9300000, 0x00000000e9400000, 0x00000000e9400000|100%| E|CS|TAMS 0x00000000e9300000| PB 0x00000000e9300000| Complete 
| 148|0x00000000e9400000, 0x00000000e9500000, 0x00000000e9500000|100%| E|CS|TAMS 0x00000000e9400000| PB 0x00000000e9400000| Complete 
| 250|0x00000000efa00000, 0x00000000efb00000, 0x00000000efb00000|100%| E|CS|TAMS 0x00000000efa00000| PB 0x00000000efa00000| Complete 
| 251|0x00000000efb00000, 0x00000000efc00000, 0x00000000efc00000|100%| E|CS|TAMS 0x00000000efb00000| PB 0x00000000efb00000| Complete 
| 494|0x00000000fee00000, 0x00000000fef00000, 0x00000000fef00000|100%| O|  |TAMS 0x00000000fee00000| PB 0x00000000fee00000| Untracked 
| 495|0x00000000fef00000, 0x00000000ff000000, 0x00000000ff000000|100%| O|  |TAMS 0x00000000fef00000| PB 0x00000000fef00000| Untracked 
| 496|0x00000000ff000000, 0x00000000ff100000, 0x00000000ff100000|100%| O|  |TAMS 0x00000000ff000000| PB 0x00000000ff000000| Untracked 
| 497|0x00000000ff100000, 0x00000000ff200000, 0x00000000ff200000|100%| O|  |TAMS 0x00000000ff100000| PB 0x00000000ff100000| Untracked 
| 498|0x00000000ff200000, 0x00000000ff300000, 0x00000000ff300000|100%| O|  |TAMS 0x00000000ff200000| PB 0x00000000ff200000| Untracked 
| 499|0x00000000ff300000, 0x00000000ff400000, 0x00000000ff400000|100%| O|  |TAMS 0x00000000ff300000| PB 0x00000000ff300000| Untracked 
| 500|0x00000000ff400000, 0x00000000ff500000, 0x00000000ff500000|100%| O|  |TAMS 0x00000000ff400000| PB 0x00000000ff400000| Untracked 
| 501|0x00000000ff500000, 0x00000000ff600000, 0x00000000ff600000|100%| O|  |TAMS 0x00000000ff500000| PB 0x00000000ff500000| Untracked 
| 502|0x00000000ff600000, 0x00000000ff700000, 0x00000000ff700000|100%| O|  |TAMS 0x00000000ff600000| PB 0x00000000ff600000| Untracked 
| 503|0x00000000ff700000, 0x00000000ff800000, 0x00000000ff800000|100%| O|  |TAMS 0x00000000ff700000| PB 0x00000000ff700000| Untracked 
| 504|0x00000000ff800000, 0x00000000ff900000, 0x00000000ff900000|100%| O|  |TAMS 0x00000000ff800000| PB 0x00000000ff800000| Untracked 
| 505|0x00000000ff900000, 0x00000000ffa00000, 0x00000000ffa00000|100%| O|  |TAMS 0x00000000ff900000| PB 0x00000000ff900000| Untracked 
| 506|0x00000000ffa00000, 0x00000000ffb00000, 0x00000000ffb00000|100%| O|  |TAMS 0x00000000ffa00000| PB 0x00000000ffa00000| Untracked 
| 507|0x00000000ffb00000, 0x00000000ffc00000, 0x00000000ffc00000|100%| O|  |TAMS 0x00000000ffb00000| PB 0x00000000ffb00000| Untracked 
| 508|0x00000000ffc00000, 0x00000000ffd00000, 0x00000000ffd00000|100%| O|  |TAMS 0x00000000ffc00000| PB 0x00000000ffc00000| Untracked 
| 509|0x00000000ffd00000, 0x00000000ffe00000, 0x00000000ffe00000|100%| O|  |TAMS 0x00000000ffd00000| PB 0x00000000ffd00000| Untracked 
| 510|0x00000000ffe00000, 0x00000000fff00000, 0x00000000fff00000|100%| O|  |TAMS 0x00000000ffe00000| PB 0x00000000ffe00000| Untracked 
| 511|0x00000000fff00000, 0x0000000100000000, 0x0000000100000000|100%| O|  |TAMS 0x00000000fff00000| PB 0x00000000fff00000| Untracked 

Card table byte_map: [0x000001cfad210000,0x000001cfad310000] _byte_map_base: 0x000001cfacb10000

Marking Bits: (CMBitMap*) 0x000001cf95501bf0
 Bits: [0x000001cfad310000, 0x000001cfadb10000)

Polling page: 0x000001cf93310000

Metaspace:

Usage:
  Non-class:     29.55 MB used.
      Class:      3.70 MB used.
       Both:     33.26 MB used.

Virtual space:
  Non-class space:       64.00 MB reserved,      29.81 MB ( 47%) committed,  1 nodes.
      Class space:        1.00 GB reserved,       3.88 MB ( <1%) committed,  1 nodes.
             Both:        1.06 GB reserved,      33.69 MB (  3%) committed. 

Chunk freelists:
   Non-Class:  1.52 MB
       Class:  12.17 MB
        Both:  13.68 MB

MaxMetaspaceSize: unlimited
CompressedClassSpaceSize: 1.00 GB
Initial GC threshold: 21.00 MB
Current GC threshold: 35.12 MB
CDS: on
 - commit_granule_bytes: 65536.
 - commit_granule_words: 8192.
 - virtual_space_node_default_size: 8388608.
 - enlarge_chunks_in_place: 1.
 - use_allocation_guard: 0.


Internal statistics:

num_allocs_failed_limit: 3.
num_arena_births: 500.
num_arena_deaths: 2.
num_vsnodes_births: 2.
num_vsnodes_deaths: 0.
num_space_committed: 539.
num_space_uncommitted: 0.
num_chunks_returned_to_freelist: 5.
num_chunks_taken_from_freelist: 1422.
num_chunk_merges: 3.
num_chunk_splits: 928.
num_chunks_enlarged: 616.
num_inconsistent_stats: 0.

CodeHeap 'non-profiled nmethods': size=120000Kb used=3176Kb max_used=3176Kb free=116823Kb
 bounds [0x000001cfa5690000, 0x000001cfa59b0000, 0x000001cfacbc0000]
CodeHeap 'profiled nmethods': size=120000Kb used=9339Kb max_used=9339Kb free=110660Kb
 bounds [0x000001cf9dbc0000, 0x000001cf9e4e0000, 0x000001cfa50f0000]
CodeHeap 'non-nmethods': size=5760Kb used=1616Kb max_used=1676Kb free=4143Kb
 bounds [0x000001cfa50f0000, 0x000001cfa5360000, 0x000001cfa5690000]
 total_blobs=4578 nmethods=3962 adapters=519
 compilation: enabled
              stopped_count=0, restarted_count=0
 full_count=0

Compilation events (20 events):
Event: 6.137 Thread 0x000001cfb07dd540 3962       3       jdk.internal.module.SystemModuleFinders$SystemModuleReader::findImageLocation (42 bytes)
Event: 6.138 Thread 0x000001cfb07dd540 nmethod 3962 0x000001cf9e4d6190 code [0x000001cf9e4d63c0, 0x000001cf9e4d6a90]
Event: 6.139 Thread 0x000001cfb07dd540 3963       3       jdk.internal.module.SystemModuleFinders$SystemModuleReader::release (10 bytes)
Event: 6.139 Thread 0x000001cfb07dd540 nmethod 3963 0x000001cf9e4d6d90 code [0x000001cf9e4d6f80, 0x000001cf9e4d7410]
Event: 6.139 Thread 0x000001cfb07dd540 3964       3       jdk.internal.jimage.ImageReader::releaseByteBuffer (5 bytes)
Event: 6.139 Thread 0x000001cfb07dd540 nmethod 3964 0x000001cf9e4d7610 code [0x000001cf9e4d77e0, 0x000001cf9e4d7a98]
Event: 6.139 Thread 0x000001cfb07dd540 3965       3       jdk.internal.loader.BuiltinClassLoader$LoadedModule::codeSourceURL (32 bytes)
Event: 6.140 Thread 0x000001cfb07dd540 nmethod 3965 0x000001cf9e4d7c10 code [0x000001cf9e4d7de0, 0x000001cf9e4d8100]
Event: 6.140 Thread 0x000001cfb07dd540 3966   !   3       jdk.internal.loader.BuiltinClassLoader::defineClass (162 bytes)
Event: 6.141 Thread 0x000001cfb07dd540 nmethod 3966 0x000001cf9e4d8290 code [0x000001cf9e4d8780, 0x000001cf9e4daf88]
Event: 6.141 Thread 0x000001cfb07dd540 3968       3       java.security.SecureClassLoader::defineClass (12 bytes)
Event: 6.141 Thread 0x000001cfb07dd540 nmethod 3968 0x000001cf9e4dc290 code [0x000001cf9e4dc440, 0x000001cf9e4dc5e0]
Event: 6.141 Thread 0x000001cfb07dd540 3967       3       java.lang.ClassLoader::defineClass (108 bytes)
Event: 6.142 Thread 0x000001cfb07dd540 nmethod 3967 0x000001cf9e4dc690 code [0x000001cf9e4dc9c0, 0x000001cf9e4dd9e0]
Event: 6.147 Thread 0x000001cfb07dd540 3969       3       java.util.concurrent.TimeUnit::toMillis (69 bytes)
Event: 6.147 Thread 0x000001cfb07dd540 nmethod 3969 0x000001cf9e4de090 code [0x000001cf9e4de260, 0x000001cf9e4de550]
Event: 6.152 Thread 0x000001cfb07dd540 3972       3       java.lang.Math::multiplyExact (74 bytes)
Event: 6.152 Thread 0x000001cfb07dd540 nmethod 3972 0x000001cf9e4de610 code [0x000001cf9e4de800, 0x000001cf9e4decb0]
Event: 6.152 Thread 0x000001cffb663fd0 nmethod 3937 0x000001cfa59a7c90 code [0x000001cfa59a8020, 0x000001cfa59a9678]
Event: 6.152 Thread 0x000001cffb663fd0 3970       4       org.aspectj.weaver.UnresolvedType::signatureToName (690 bytes)

GC Heap History (10 events):
Event: 0.429 GC heap before
{Heap before GC invocations=0 (full 0):
 garbage-first heap   total 258048K, used 23552K [0x00000000e0000000, 0x0000000100000000)
  region size 1024K, 23 young (23552K), 0 survivors (0K)
 Metaspace       used 8227K, committed 8384K, reserved 1114112K
  class space    used 747K, committed 832K, reserved 1048576K
}
Event: 0.432 GC heap after
{Heap after GC invocations=1 (full 0):
 garbage-first heap   total 258048K, used 4693K [0x00000000e0000000, 0x0000000100000000)
  region size 1024K, 3 young (3072K), 3 survivors (3072K)
 Metaspace       used 8227K, committed 8384K, reserved 1114112K
  class space    used 747K, committed 832K, reserved 1048576K
}
Event: 1.011 GC heap before
{Heap before GC invocations=1 (full 0):
 garbage-first heap   total 258048K, used 39509K [0x00000000e0000000, 0x0000000100000000)
  region size 1024K, 37 young (37888K), 3 survivors (3072K)
 Metaspace       used 16164K, committed 16384K, reserved 1114112K
  class space    used 1620K, committed 1728K, reserved 1048576K
}
Event: 1.016 GC heap after
{Heap after GC invocations=2 (full 0):
 garbage-first heap   total 258048K, used 10051K [0x00000000e0000000, 0x0000000100000000)
  region size 1024K, 5 young (5120K), 5 survivors (5120K)
 Metaspace       used 16164K, committed 16384K, reserved 1114112K
  class space    used 1620K, committed 1728K, reserved 1048576K
}
Event: 1.725 GC heap before
{Heap before GC invocations=2 (full 0):
 garbage-first heap   total 258048K, used 109379K [0x00000000e0000000, 0x0000000100000000)
  region size 1024K, 103 young (105472K), 5 survivors (5120K)
 Metaspace       used 21244K, committed 21504K, reserved 1114112K
  class space    used 2089K, committed 2240K, reserved 1048576K
}
Event: 1.732 GC heap after
{Heap after GC invocations=3 (full 0):
 garbage-first heap   total 258048K, used 22947K [0x00000000e0000000, 0x0000000100000000)
  region size 1024K, 18 young (18432K), 18 survivors (18432K)
 Metaspace       used 21244K, committed 21504K, reserved 1114112K
  class space    used 2089K, committed 2240K, reserved 1048576K
}
Event: 2.351 GC heap before
{Heap before GC invocations=4 (full 0):
 garbage-first heap   total 78848K, used 78243K [0x00000000e0000000, 0x0000000100000000)
  region size 1024K, 72 young (73728K), 18 survivors (18432K)
 Metaspace       used 24695K, committed 25024K, reserved 1114112K
  class space    used 2591K, committed 2752K, reserved 1048576K
}
Event: 2.358 GC heap after
{Heap after GC invocations=5 (full 0):
 garbage-first heap   total 104448K, used 29691K [0x00000000e0000000, 0x0000000100000000)
  region size 1024K, 7 young (7168K), 7 survivors (7168K)
 Metaspace       used 24695K, committed 25024K, reserved 1114112K
  class space    used 2591K, committed 2752K, reserved 1048576K
}
Event: 4.204 GC heap before
{Heap before GC invocations=5 (full 0):
 garbage-first heap   total 104448K, used 83963K [0x00000000e0000000, 0x0000000100000000)
  region size 1024K, 60 young (61440K), 7 survivors (7168K)
 Metaspace       used 32614K, committed 33024K, reserved 1114112K
  class space    used 3576K, committed 3776K, reserved 1048576K
}
Event: 4.208 GC heap after
{Heap after GC invocations=6 (full 0):
 garbage-first heap   total 104448K, used 35445K [0x00000000e0000000, 0x0000000100000000)
  region size 1024K, 6 young (6144K), 6 survivors (6144K)
 Metaspace       used 32614K, committed 33024K, reserved 1114112K
  class space    used 3576K, committed 3776K, reserved 1048576K
}

Dll operation events (13 events):
Event: 0.008 Loaded shared library C:\Users\admin\.jdks\ms-21.0.7\bin\java.dll
Event: 0.009 Loaded shared library C:\Users\admin\.jdks\ms-21.0.7\bin\zip.dll
Event: 0.034 Loaded shared library C:\Users\admin\.jdks\ms-21.0.7\bin\jsvml.dll
Event: 0.096 Loaded shared library C:\Users\admin\.jdks\ms-21.0.7\bin\instrument.dll
Event: 0.136 Loaded shared library C:\Users\admin\.jdks\ms-21.0.7\bin\net.dll
Event: 0.137 Loaded shared library C:\Users\admin\.jdks\ms-21.0.7\bin\nio.dll
Event: 0.143 Loaded shared library C:\Users\admin\.jdks\ms-21.0.7\bin\zip.dll
Event: 0.193 Loaded shared library C:\Users\admin\.jdks\ms-21.0.7\bin\jimage.dll
Event: 0.217 Loaded shared library C:\Users\admin\.jdks\ms-21.0.7\bin\verify.dll
Event: 0.747 Loaded shared library C:\Users\admin\.jdks\ms-21.0.7\bin\extnet.dll
Event: 0.805 Loaded shared library C:\Users\admin\.jdks\ms-21.0.7\bin\sunmscapi.dll
Event: 2.452 Loaded shared library C:\Users\admin\.jdks\ms-21.0.7\bin\management.dll
Event: 2.458 Loaded shared library C:\Users\admin\.jdks\ms-21.0.7\bin\management_ext.dll

Deoptimization events (20 events):
Event: 4.148 Thread 0x000001cf954d4b20 DEOPT PACKING pc=0x000001cf9dcc30e9 sp=0x000000577aaf95d0
Event: 4.148 Thread 0x000001cf954d4b20 DEOPT UNPACKING pc=0x000001cfa5144e42 sp=0x000000577aaf8a28 mode 1
Event: 4.148 Thread 0x000001cf954d4b20 DEOPT PACKING pc=0x000001cf9dcc2464 sp=0x000000577aaf9660
Event: 4.148 Thread 0x000001cf954d4b20 DEOPT UNPACKING pc=0x000001cfa5144e42 sp=0x000000577aaf8b08 mode 1
Event: 4.238 Thread 0x000001cffb259a20 DEOPT PACKING pc=0x000001cf9e41c4c9 sp=0x000000577d9fea80
Event: 4.238 Thread 0x000001cffb259a20 DEOPT UNPACKING pc=0x000001cfa5144e42 sp=0x000000577d9fdf08 mode 0
Event: 6.058 Thread 0x000001cf954d4b20 Uncommon trap: trap_request=0xffffffde fr.pc=0x000001cfa5990d90 relative=0x00000000000001d0
Event: 6.058 Thread 0x000001cf954d4b20 Uncommon trap: reason=class_check action=maybe_recompile pc=0x000001cfa5990d90 method=org.openqa.selenium.json.Input.fill()Z @ 85 c2
Event: 6.058 Thread 0x000001cf954d4b20 DEOPT PACKING pc=0x000001cfa5990d90 sp=0x000000577aafa5a0
Event: 6.058 Thread 0x000001cf954d4b20 DEOPT UNPACKING pc=0x000001cfa51446a2 sp=0x000000577aafa540 mode 2
Event: 6.089 Thread 0x000001cf954d4b20 DEOPT PACKING pc=0x000001cf9e121a93 sp=0x000000577aaf6690
Event: 6.089 Thread 0x000001cf954d4b20 DEOPT UNPACKING pc=0x000001cfa5144e42 sp=0x000000577aaf5d58 mode 0
Event: 6.119 Thread 0x000001cf954d4b20 Uncommon trap: trap_request=0xffffffde fr.pc=0x000001cfa5990d90 relative=0x00000000000001d0
Event: 6.119 Thread 0x000001cf954d4b20 Uncommon trap: reason=class_check action=maybe_recompile pc=0x000001cfa5990d90 method=org.openqa.selenium.json.Input.fill()Z @ 85 c2
Event: 6.119 Thread 0x000001cf954d4b20 DEOPT PACKING pc=0x000001cfa5990d90 sp=0x000000577aafa960
Event: 6.119 Thread 0x000001cf954d4b20 DEOPT UNPACKING pc=0x000001cfa51446a2 sp=0x000000577aafa900 mode 2
Event: 6.144 Thread 0x000001cf954d4b20 DEOPT PACKING pc=0x000001cf9e41c4c9 sp=0x000000577aaf6430
Event: 6.144 Thread 0x000001cf954d4b20 DEOPT UNPACKING pc=0x000001cfa5144e42 sp=0x000000577aaf58a0 mode 0
Event: 6.150 Thread 0x000001cf954d4b20 DEOPT PACKING pc=0x000001cf9e38bb1d sp=0x000000577aaf4ee0
Event: 6.150 Thread 0x000001cf954d4b20 DEOPT UNPACKING pc=0x000001cfa5144e42 sp=0x000000577aaf43c0 mode 0

Classes loaded (20 events):
Event: 6.143 Loading class org/openqa/selenium/remote/http/jdk/JdkHttpClient$4
Event: 6.143 Loading class org/openqa/selenium/remote/http/jdk/JdkHttpClient$4 done
Event: 6.144 Loading class org/openqa/selenium/remote/http/Message
Event: 6.144 Loading class org/openqa/selenium/remote/http/Message done
Event: 6.145 Loading class org/openqa/selenium/devtools/CdpVersionFinder
Event: 6.145 Loading class org/openqa/selenium/devtools/CdpVersionFinder done
Event: 6.147 Loading class org/openqa/selenium/devtools/v135/v135CdpInfo
Event: 6.147 Loading class org/openqa/selenium/devtools/v135/v135CdpInfo done
Event: 6.148 Loading class org/openqa/selenium/devtools/v135/v135Domains
Event: 6.148 Loading class org/openqa/selenium/devtools/v135/v135Domains done
Event: 6.150 Loading class org/openqa/selenium/devtools/idealized/Domains
Event: 6.150 Loading class org/openqa/selenium/devtools/idealized/Domains done
Event: 6.150 Loading class org/openqa/selenium/devtools/idealized/target/Target
Event: 6.150 Loading class org/openqa/selenium/devtools/idealized/target/Target done
Event: 6.150 Loading class org/openqa/selenium/devtools/idealized/log/Log
Event: 6.150 Loading class org/openqa/selenium/devtools/idealized/log/Log done
Event: 6.151 Loading class org/openqa/selenium/devtools/idealized/Events
Event: 6.151 Loading class org/openqa/selenium/devtools/idealized/Events done
Event: 6.151 Loading class org/openqa/selenium/devtools/v135/v135Events
Event: 6.151 Loading class org/openqa/selenium/devtools/v135/v135Events done

Classes unloaded (1 events):
Event: 1.736 Thread 0x000001cfb07b3170 Unloading class 0x000001cfb200c800 'org/aspectj/mirror/AccessibleObject'

Classes redefined (1 events):
Event: 0.120 Thread 0x000001cfb07b3170 redefined class name=java.lang.Throwable, count=1

Internal exceptions (20 events):
Event: 3.783 Thread 0x000001cf954d4b20 Exception <a 'java/lang/NoSuchMethodError'{0x00000000e2b07b50}: 'int java.lang.invoke.DirectMethodHandle$Holder.invokeStaticInit(java.lang.Object, double, double)'> (0x00000000e2b07b50) 
thrown [s\src\hotspot\share\interpreter\linkResolver.cpp, line 773]
Event: 3.784 Thread 0x000001cf954d4b20 Exception <a 'java/lang/NoSuchMethodError'{0x00000000e2b0c920}: 'int java.lang.invoke.DirectMethodHandle$Holder.invokeStatic(java.lang.Object, long)'> (0x00000000e2b0c920) 
thrown [s\src\hotspot\share\interpreter\linkResolver.cpp, line 773]
Event: 3.785 Thread 0x000001cf954d4b20 Exception <a 'java/lang/NoSuchMethodError'{0x00000000e2b21c08}: 'int java.lang.invoke.DirectMethodHandle$Holder.invokeSpecial(java.lang.Object, java.lang.Object, java.lang.Object, java.lang.Object)'> (0x00000000e2b21c08) 
thrown [s\src\hotspot\share\interpreter\linkResolver.cpp, line 773]
Event: 3.786 Thread 0x000001cf954d4b20 Exception <a 'java/lang/NoSuchMethodError'{0x00000000e2b339b8}: 'java.lang.Object java.lang.invoke.DirectMethodHandle$Holder.invokeSpecial(java.lang.Object, java.lang.Object, int, java.lang.Object, java.lang.Object)'> (0x00000000e2b339b8) 
thrown [s\src\hotspot\share\interpreter\linkResolver.cpp, line 773]
Event: 3.786 Thread 0x000001cf954d4b20 Exception <a 'java/lang/NoSuchMethodError'{0x00000000e2b37e28}: 'java.lang.Object java.lang.invoke.DelegatingMethodHandle$Holder.delegate(java.lang.Object, int, java.lang.Object, java.lang.Object)'> (0x00000000e2b37e28) 
thrown [s\src\hotspot\share\interpreter\linkResolver.cpp, line 773]
Event: 3.787 Thread 0x000001cf954d4b20 Exception <a 'java/lang/NoSuchMethodError'{0x00000000e2b49950}: 'int java.lang.invoke.Invokers$Holder.linkToTargetMethod(java.lang.Object, java.lang.Object, java.lang.Object)'> (0x00000000e2b49950) 
thrown [s\src\hotspot\share\interpreter\linkResolver.cpp, line 773]
Event: 3.811 Thread 0x000001cf954d4b20 Exception <a 'sun/nio/fs/WindowsException'{0x00000000e2a02dd8}> (0x00000000e2a02dd8) 
thrown [s\src\hotspot\share\prims\jni.cpp, line 520]
Event: 3.993 Thread 0x000001cffb254b60 Implicit null exception at 0x000001cfa57ebaad to 0x000001cfa57ebb9c
Event: 4.007 Thread 0x000001cf954d4b20 Exception <a 'java/lang/IncompatibleClassChangeError'{0x00000000e1fe0768}: Found class java.lang.Object, but interface was expected> (0x00000000e1fe0768) 
thrown [s\src\hotspot\share\interpreter\linkResolver.cpp, line 840]
Event: 4.019 Thread 0x000001cffb253120 Implicit null exception at 0x000001cfa57b97a1 to 0x000001cfa57b98a0
Event: 4.034 Thread 0x000001cffb257fe0 Exception <a 'java/net/ConnectException'{0x00000000e1c2b160}: Connection refused: getsockopt> (0x00000000e1c2b160) 
thrown [s\src\hotspot\share\prims\jni.cpp, line 539]
Event: 4.048 Thread 0x000001cffb257fe0 Exception <a 'java/net/ConnectException'{0x00000000e1c2d548}: Connection refused: getsockopt> (0x00000000e1c2d548) 
thrown [s\src\hotspot\share\prims\jni.cpp, line 539]
Event: 4.080 Thread 0x000001cffb257fe0 Exception <a 'java/net/ConnectException'{0x00000000e1c2e4f0}: Connection refused: getsockopt> (0x00000000e1c2e4f0) 
thrown [s\src\hotspot\share\prims\jni.cpp, line 539]
Event: 4.154 Thread 0x000001cf954d4b20 Exception <a 'java/lang/NoSuchMethodError'{0x00000000e1a43e80}: 'java.lang.Object java.lang.invoke.DirectMethodHandle$Holder.newInvokeSpecial(java.lang.Object, java.lang.Object, int, int)'> (0x00000000e1a43e80) 
thrown [s\src\hotspot\share\interpreter\linkResolver.cpp, line 773]
Event: 4.157 Thread 0x000001cf954d4b20 Exception <a 'java/lang/NoSuchMethodError'{0x00000000e1a61420}: 'void java.lang.invoke.DirectMethodHandle$Holder.invokeStatic(java.lang.Object, java.lang.Object, int)'> (0x00000000e1a61420) 
thrown [s\src\hotspot\share\interpreter\linkResolver.cpp, line 773]
Event: 4.213 Thread 0x000001cffb255f10 Exception <a 'java/lang/NoSuchMethodError'{0x00000000efb257a8}: 'java.lang.Object java.lang.invoke.DirectMethodHandle$Holder.invokeSpecial(java.lang.Object, java.lang.Object, java.lang.Object, java.lang.Object, int)'> (0x00000000efb257a8) 
thrown [s\src\hotspot\share\interpreter\linkResolver.cpp, line 773]
Event: 4.213 Thread 0x000001cffb255f10 Exception <a 'java/lang/NoSuchMethodError'{0x00000000efb29160}: 'java.lang.Object java.lang.invoke.Invokers$Holder.linkToTargetMethod(java.lang.Object, java.lang.Object, int, java.lang.Object)'> (0x00000000efb29160) 
thrown [s\src\hotspot\share\interpreter\linkResolver.cpp, line 773]
Event: 6.049 Thread 0x000001cffb259a20 Exception <a 'java/lang/NoSuchMethodError'{0x00000000e94efde8}: 'java.lang.Object java.lang.invoke.DirectMethodHandle$Holder.newInvokeSpecial(java.lang.Object, java.lang.Object, long, java.lang.Object, java.lang.Object, java.lang.Object)'> (0x00000000e94efde8) 
thrown [s\src\hotspot\share\interpreter\linkResolver.cpp, line 773]
Event: 6.052 Thread 0x000001cffb259a20 Exception <a 'java/lang/NoSuchMethodError'{0x00000000e930c028}: 'void java.lang.invoke.DirectMethodHandle$Holder.invokeSpecial(java.lang.Object, java.lang.Object, java.lang.Object, java.lang.Object, java.lang.Object, java.lang.Object, java.lang.Object)'> (0x00000000e930c028) 
thrown [s\src\hotspot\share\interpreter\linkResolver.cpp, line 773]
Event: 6.065 Thread 0x000001cf954d4b20 Exception <a 'java/lang/NoSuchMethodError'{0x00000000e93a5f60}: 'java.lang.Object java.lang.invoke.DirectMethodHandle$Holder.invokeSpecialIFC(java.lang.Object, java.lang.Object, java.lang.Object)'> (0x00000000e93a5f60) 
thrown [s\src\hotspot\share\interpreter\linkResolver.cpp, line 773]

ZGC Phase Switch (0 events):
No events

VM Operations (20 events):
Event: 2.619 Executing VM operation: HandshakeAllThreads (Deoptimize) done
Event: 2.620 Executing VM operation: HandshakeAllThreads (Deoptimize)
Event: 2.620 Executing VM operation: HandshakeAllThreads (Deoptimize) done
Event: 3.627 Executing VM operation: Cleanup
Event: 3.627 Executing VM operation: Cleanup done
Event: 3.813 Executing VM operation: HandshakeAllThreads (Deoptimize)
Event: 3.814 Executing VM operation: HandshakeAllThreads (Deoptimize) done
Event: 3.869 Executing VM operation: HandshakeAllThreads (Deoptimize)
Event: 3.869 Executing VM operation: HandshakeAllThreads (Deoptimize) done
Event: 4.136 Executing VM operation: HandshakeAllThreads (Deoptimize)
Event: 4.136 Executing VM operation: HandshakeAllThreads (Deoptimize) done
Event: 4.138 Executing VM operation: HandshakeAllThreads (Deoptimize)
Event: 4.138 Executing VM operation: HandshakeAllThreads (Deoptimize) done
Event: 4.203 Executing VM operation: G1CollectForAllocation (G1 Evacuation Pause)
Event: 4.208 Executing VM operation: G1CollectForAllocation (G1 Evacuation Pause) done
Event: 5.216 Executing VM operation: Cleanup
Event: 5.216 Executing VM operation: Cleanup done
Event: 6.040 Executing VM operation: HandshakeAllThreads (Deoptimize)
Event: 6.040 Executing VM operation: HandshakeAllThreads (Deoptimize) done
Event: 7.040 Executing VM operation: Cleanup

Memory protections (0 events):
No events

Nmethod flushes (0 events):
No events

Events (20 events):
Event: 3.664 Thread 0x000001cff7362930 Thread exited: 0x000001cff7362930
Event: 3.690 Thread 0x000001cfb07df8d0 Thread added: 0x000001cfb0aaee60
Event: 3.740 Thread 0x000001cf954d4b20 Thread added: 0x000001cff7362930
Event: 3.993 Thread 0x000001cf954d4b20 Thread added: 0x000001cffb254b60
Event: 4.017 Thread 0x000001cf954d4b20 Thread added: 0x000001cffb2565a0
Event: 4.019 Thread 0x000001cf954d4b20 Thread added: 0x000001cffb253120
Event: 4.020 Thread 0x000001cf954d4b20 Thread added: 0x000001cffb258d00
Event: 4.024 Thread 0x000001cffb253120 Thread added: 0x000001cffb257fe0
Event: 4.137 Thread 0x000001cffb257fe0 Thread added: 0x000001cffb258670
Event: 4.176 Thread 0x000001cf954d4b20 Thread added: 0x000001cffb255f10
Event: 4.182 Thread 0x000001cf954d4b20 Thread added: 0x000001cffb255880
Event: 4.235 Thread 0x000001cffb254b60 Thread added: 0x000001cffb259a20
Event: 4.237 Thread 0x000001cffb254b60 Thread added: 0x000001cffb25a0b0
Event: 4.237 Thread 0x000001cffb254b60 Thread added: 0x000001cffb256c30
Event: 6.039 Thread 0x000001cfb0aaee60 Thread exited: 0x000001cfb0aaee60
Event: 6.114 Thread 0x000001cf954d4b20 Thread added: 0x000001cffb2572c0
Event: 6.115 Thread 0x000001cf954d4b20 Thread added: 0x000001cffb259390
Event: 6.116 Thread 0x000001cffb2572c0 Thread added: 0x000001cffb25a740
Event: 6.117 Thread 0x000001cffb2572c0 Thread added: 0x000001cffb257950
Event: 6.132 Thread 0x000001cfb07dd540 Thread added: 0x000001cffb663fd0


Dynamic libraries:
0x00007ff7bfe30000 - 0x00007ff7bfe3e000 	C:\Users\admin\.jdks\ms-21.0.7\bin\java.exe
0x00007ffb44a80000 - 0x00007ffb44ce8000 	C:\WINDOWS\SYSTEM32\ntdll.dll
0x00007ffb42ee0000 - 0x00007ffb42fa9000 	C:\WINDOWS\System32\KERNEL32.DLL
0x00007ffb420d0000 - 0x00007ffb424bd000 	C:\WINDOWS\System32\KERNELBASE.dll
0x00007ffb426d0000 - 0x00007ffb4281b000 	C:\WINDOWS\System32\ucrtbase.dll
0x00007ffaf7890000 - 0x00007ffaf78a8000 	C:\Users\admin\.jdks\ms-21.0.7\bin\jli.dll
0x00007ffaf7870000 - 0x00007ffaf788d000 	C:\Users\admin\.jdks\ms-21.0.7\bin\VCRUNTIME140.dll
0x00007ffb433c0000 - 0x00007ffb4358c000 	C:\WINDOWS\System32\USER32.dll
0x00007ffb41c70000 - 0x00007ffb41c97000 	C:\WINDOWS\System32\win32u.dll
0x00007ffb26fd0000 - 0x00007ffb2726a000 	C:\WINDOWS\WinSxS\amd64_microsoft.windows.common-controls_6595b64144ccf1df_6.0.26100.4484_none_3e0e6d4ce32ef3b3\COMCTL32.dll
0x00007ffb42eb0000 - 0x00007ffb42edb000 	C:\WINDOWS\System32\GDI32.dll
0x00007ffb42820000 - 0x00007ffb428c9000 	C:\WINDOWS\System32\msvcrt.dll
0x00007ffb41ed0000 - 0x00007ffb42007000 	C:\WINDOWS\System32\gdi32full.dll
0x00007ffb41e20000 - 0x00007ffb41ec3000 	C:\WINDOWS\System32\msvcp_win.dll
0x00007ffb430a0000 - 0x00007ffb430cf000 	C:\WINDOWS\System32\IMM32.DLL
0x00007ffb30570000 - 0x00007ffb3057c000 	C:\Users\admin\.jdks\ms-21.0.7\bin\vcruntime140_1.dll
0x00007ffa9aeb0000 - 0x00007ffa9af3d000 	C:\Users\admin\.jdks\ms-21.0.7\bin\msvcp140.dll
0x00007ffa64b10000 - 0x00007ffa658a8000 	C:\Users\admin\.jdks\ms-21.0.7\bin\server\jvm.dll
0x00007ffb42dc0000 - 0x00007ffb42e74000 	C:\WINDOWS\System32\ADVAPI32.dll
0x00007ffb42980000 - 0x00007ffb42a26000 	C:\WINDOWS\System32\sechost.dll
0x00007ffb42a30000 - 0x00007ffb42b48000 	C:\WINDOWS\System32\RPCRT4.dll
0x00007ffb43330000 - 0x00007ffb433a4000 	C:\WINDOWS\System32\WS2_32.dll
0x00007ffb41a20000 - 0x00007ffb41a7e000 	C:\WINDOWS\SYSTEM32\POWRPROF.dll
0x00007ffb39620000 - 0x00007ffb39655000 	C:\WINDOWS\SYSTEM32\WINMM.dll
0x00007ffb39060000 - 0x00007ffb3906b000 	C:\WINDOWS\SYSTEM32\VERSION.dll
0x00007ffb41a00000 - 0x00007ffb41a14000 	C:\WINDOWS\SYSTEM32\UMPDC.dll
0x00007ffb40970000 - 0x00007ffb4098b000 	C:\WINDOWS\SYSTEM32\kernel.appcore.dll
0x00007ffb2c360000 - 0x00007ffb2c36a000 	C:\Users\admin\.jdks\ms-21.0.7\bin\jimage.dll
0x00007ffb3f280000 - 0x00007ffb3f4c1000 	C:\WINDOWS\SYSTEM32\DBGHELP.DLL
0x00007ffb44420000 - 0x00007ffb447a6000 	C:\WINDOWS\System32\combase.dll
0x00007ffb42fb0000 - 0x00007ffb43090000 	C:\WINDOWS\System32\OLEAUT32.dll
0x00007ffb3c380000 - 0x00007ffb3c3c3000 	C:\WINDOWS\SYSTEM32\dbgcore.DLL
0x00007ffb41bd0000 - 0x00007ffb41c69000 	C:\WINDOWS\System32\bcryptPrimitives.dll
0x00007ffb312a0000 - 0x00007ffb312dc000 	C:\Users\admin\.jdks\ms-21.0.7\bin\jdwp.dll
0x00007ffb2c2a0000 - 0x00007ffb2c2af000 	C:\Users\admin\.jdks\ms-21.0.7\bin\instrument.dll
0x00007ffaf7850000 - 0x00007ffaf7870000 	C:\Users\admin\.jdks\ms-21.0.7\bin\java.dll
0x00007ffaf7830000 - 0x00007ffaf7848000 	C:\Users\admin\.jdks\ms-21.0.7\bin\zip.dll
0x00007ffb43b20000 - 0x00007ffb4426a000 	C:\WINDOWS\System32\SHELL32.dll
0x00007ffb424c0000 - 0x00007ffb42634000 	C:\WINDOWS\System32\wintypes.dll
0x00007ffb3f7e0000 - 0x00007ffb4003b000 	C:\WINDOWS\SYSTEM32\windows.storage.dll
0x00007ffb42b50000 - 0x00007ffb42c45000 	C:\WINDOWS\System32\SHCORE.dll
0x00007ffb432c0000 - 0x00007ffb4332a000 	C:\WINDOWS\System32\shlwapi.dll
0x00007ffb41ae0000 - 0x00007ffb41b0f000 	C:\WINDOWS\SYSTEM32\profapi.dll
0x00007ffa91bc0000 - 0x00007ffa91c96000 	C:\Users\admin\.jdks\ms-21.0.7\bin\jsvml.dll
0x00007ffb3e4d0000 - 0x00007ffb3e4db000 	C:\Users\admin\.jdks\ms-21.0.7\bin\dt_socket.dll
0x00007ffb40410000 - 0x00007ffb40443000 	C:\WINDOWS\SYSTEM32\IPHLPAPI.DLL
0x00007ffb40f00000 - 0x00007ffb40f6a000 	C:\WINDOWS\system32\mswsock.dll
0x00007ffb28a00000 - 0x00007ffb28a10000 	C:\Users\admin\.jdks\ms-21.0.7\bin\net.dll
0x00007ffb39490000 - 0x00007ffb395ae000 	C:\WINDOWS\SYSTEM32\WINHTTP.dll
0x00007ffa9e040000 - 0x00007ffa9e056000 	C:\Users\admin\.jdks\ms-21.0.7\bin\nio.dll
0x00007ffb26410000 - 0x00007ffb26420000 	C:\Users\admin\.jdks\ms-21.0.7\bin\verify.dll
0x00007ffb17510000 - 0x00007ffb17519000 	C:\Users\admin\.jdks\ms-21.0.7\bin\extnet.dll
0x00007ffb16140000 - 0x00007ffb1614e000 	C:\Users\admin\.jdks\ms-21.0.7\bin\sunmscapi.dll
0x00007ffb41ca0000 - 0x00007ffb41e17000 	C:\WINDOWS\System32\CRYPT32.dll
0x00007ffb413d0000 - 0x00007ffb41400000 	C:\WINDOWS\SYSTEM32\ncrypt.dll
0x00007ffb41380000 - 0x00007ffb413bf000 	C:\WINDOWS\SYSTEM32\NTASN1.dll
0x00007ffafda80000 - 0x00007ffafda88000 	C:\WINDOWS\system32\wshunix.dll
0x00007ffb411c0000 - 0x00007ffb411db000 	C:\WINDOWS\SYSTEM32\CRYPTSP.dll
0x00007ffb408d0000 - 0x00007ffb4090b000 	C:\WINDOWS\system32\rsaenh.dll
0x00007ffb40fa0000 - 0x00007ffb40fcb000 	C:\WINDOWS\SYSTEM32\USERENV.dll
0x00007ffb41ab0000 - 0x00007ffb41ad6000 	C:\WINDOWS\SYSTEM32\bcrypt.dll
0x00007ffb411b0000 - 0x00007ffb411bc000 	C:\WINDOWS\SYSTEM32\CRYPTBASE.dll
0x00007ffb432b0000 - 0x00007ffb432ba000 	C:\WINDOWS\System32\NSI.dll
0x00007ffaff040000 - 0x00007ffaff058000 	C:\WINDOWS\system32\napinsp.dll
0x00007ffb40470000 - 0x00007ffb40596000 	C:\WINDOWS\SYSTEM32\DNSAPI.dll
0x00007ffaf7b40000 - 0x00007ffaf7b52000 	C:\WINDOWS\System32\winrnr.dll
0x00007ffaf3460000 - 0x00007ffaf3490000 	C:\WINDOWS\system32\nlansp_c.dll
0x00007ffb1d7e0000 - 0x00007ffb1d800000 	C:\WINDOWS\system32\wshbth.dll
0x00007ffb39160000 - 0x00007ffb3916b000 	C:\Windows\System32\rasadhlp.dll
0x00007ffb3c080000 - 0x00007ffb3c106000 	C:\WINDOWS\System32\fwpuclnt.dll
0x00007ffb261a0000 - 0x00007ffb261aa000 	C:\Users\admin\.jdks\ms-21.0.7\bin\management.dll
0x00007ffb19270000 - 0x00007ffb1927b000 	C:\Users\admin\.jdks\ms-21.0.7\bin\management_ext.dll
0x00007ffb42950000 - 0x00007ffb42958000 	C:\WINDOWS\System32\PSAPI.DLL

dbghelp: loaded successfully - version: 4.0.5 - missing functions: none
symbol engine: initialized successfully - sym options: 0x614 - pdb path: .;C:\Users\admin\.jdks\ms-21.0.7\bin;C:\WINDOWS\SYSTEM32;C:\WINDOWS\WinSxS\amd64_microsoft.windows.common-controls_6595b64144ccf1df_6.0.26100.4484_none_3e0e6d4ce32ef3b3;C:\Users\admin\.jdks\ms-21.0.7\bin\server

VM Arguments:
jvm_args: -Dallure.results.directory=C:\Users\admin\IdeaProjects\LerningProjectUISelenide\build\allure-results -Ddebugger.agent.enable.coroutines=true -Djunit.jupiter.extensions.autodetection.enabled=true -Dkotlinx.coroutines.debug.enable.creation.stack.trace=false -Dkotlinx.coroutines.debug.enable.flows.stack.trace=true -Dkotlinx.coroutines.debug.enable.mutable.state.flows.stack.trace=true -Dorg.gradle.internal.worker.tmpdir=C:\Users\admin\IdeaProjects\LerningProjectUISelenide\build\tmp\test\work -agentlib:jdwp=transport=dt_socket,server=n,suspend=y,address=127.0.0.1:31711 -javaagent:C:\Users\admin\AppData\Local\JetBrains\IdeaIC2025.1\captureAgent\debugger-agent.jar=file:///C:/Users/admin/AppData/Local/Temp/capture9211268994525790244.props -javaagent:C:\Users\admin\.gradle\caches\modules-2\files-2.1\org.aspectj\aspectjweaver\1.9.22.1\bca243d0af0db4758fbae45c5f4995cb5dabb612\aspectjweaver-1.9.22.1.jar -Xmx512m -Dfile.encoding=UTF-8 -Duser.country=RU -Duser.language=ru -Duser.variant -ea 
java_command: worker.org.gradle.process.internal.worker.GradleWorkerMain 'Gradle Test Executor 15'
java_class_path (initial): C:\\Users\\admin\\.gradle\\caches\\8.13\\workerMain\\gradle-worker.jar;C:\\Users\\admin\\IdeaProjects\\LerningProjectUISelenide\\build\\classes\\java\\test;C:\\Users\\admin\\.gradle\\caches\\modules-2\\files-2.1\\org.junit.jupiter\\junit-jupiter\\5.10.0\\8fea1d9c58b2156f1b998f2f18da04bc9e087f74\\junit-jupiter-5.10.0.jar;C:\\Users\\admin\\.gradle\\caches\\modules-2\\files-2.1\\org.junit.jupiter\\junit-jupiter-params\\5.10.0\\9041c7365495a897a64782ea5a6fdb99dab1814e\\junit-jupiter-params-5.10.0.jar;C:\\Users\\admin\\.gradle\\caches\\modules-2\\files-2.1\\org.junit.jupiter\\junit-jupiter-engine\\5.10.0\\90587932d718fc51a48112d33045a18476c542ad\\junit-jupiter-engine-5.10.0.jar;C:\\Users\\admin\\.gradle\\caches\\modules-2\\files-2.1\\io.qameta.allure\\allure-junit5\\2.19.0\\81e6b72649a4a9642d20c1311e23bcd687f81329\\allure-junit5-2.19.0.jar;C:\\Users\\admin\\.gradle\\caches\\modules-2\\files-2.1\\io.qameta.allure\\allure-junit-platform\\2.19.0\\bf7e14e12b4750532b484c1dea029ab5afd7bc2e\\allure-junit-platform-2.19.0.jar;C:\\Users\\admin\\.gradle\\caches\\modules-2\\files-2.1\\org.junit.jupiter\\junit-jupiter-api\\5.10.0\\2fe4ba3d31d5067878e468c96aa039005a9134d3\\junit-jupiter-api-5.10.0.jar;C:\\Users\\admin\\.gradle\\caches\\modules-2\\files-2.1\\org.junit.platform\\junit-platform-launcher\\1.10.0\\89a1922534ed102be1fb2a8c0b2c6151297a12bf\\junit-platform-launcher-1.10.0.jar;C:\\Users\\admin\\.gradle\\caches\\modules-2\\files-2.1\\org.junit.platform\\junit-platform-engine\\1.10.0\\276c4edcf64fabb5a139fa7b4f99330d7a93b804\\junit-platform-engine-1.10.0.jar;C:\\Users\\admin\\.gradle\\caches\\modules-2\\files-2.1\\org.junit.platform\\junit-platform-commons\\1.10.0\\d533ff2c286eaf963566f92baf5f8a06628d2609\\junit-platform-commons-1.10.0.jar;C:\\Users\\admin\\.gradle\\caches\\modules-2\\files-2.1\\io.qameta.allure\\allure-selenide\\2.19.0\\d4317a2a003bfdcc93033f2c9f5234d86cf77b1d\\allure-selenide-2.19.0.jar;C:\\Users\\admin\\.gradle\\caches\\modules-2\\files-2.1\\com.codeborne\\selenide\\7.9.3\\81a7cf9510bf3d7bf312a77890d47c50c06c78cd\\selenide-7.9.3.jar;C:\\Users\\admin\\.gradle\\caches\\modules-2\\files-2.1\\io.qameta.allure\\allure-test-filter\\2.19.0\\2c1c47f8df4186ac51f5e4384c31d438d7c9fc73\\allure-test-filter-2.19.0.jar;C:\\Users\\admin\\.gradle\\caches\\modules-2\\files-2.1\\io.qameta.allure\\allure-java-commons\\2.19.0\\1029c66ee04891c9489783b1be006fa987387f75\\allure-java-commons-2.19.0.jar;C:\\Users\\admin\\.gradle\\caches\\modules-2\\files-2.1\\com.codeborne\\selenide-core\\7.9.3\\366f8fe5654de1a38c11db0a7a62f0d5dffe7d2e\\selenide-core-7.9.3.jar;C:\\Users\\admin\\.gradle\\caches\\modules-2\\files-2.1\\org.seleniumhq.selenium\\selenium-java\\4.33.0\\2cc38c8dbef9d6e8774f05c2d2e8088180858ed4\\selenium-java-4.33.0.jar;C:\\Users\\admin\\.gradle\\caches\\modules-2\\files-2.1\\org.seleniumhq.selenium\\selenium-chrome-driver\\4.33.0\\87ac9f66aee4901425b84d4e6d093f5a2ffb17f2\\selenium-chrome-driver-4.33.0.jar;C:\\Users\\admin\\.gradle\\caches\\modules-2\\files-2.1\\org.seleniumhq.selenium\\selenium-devtools-v135\\4.33.0\\ec829d09c9f4e5ca36bf94323ba373d58bbaf7d0\\selenium-devtools-v135-4.33.0.jar;C:\\Users\\admin\\.gradle\\caches\\modules-2\\files-2.1\\org.seleniumhq.selenium\\selenium-devtools-v136\\4.33.0\\781a3fdfb26cffed529801b8a329c9557a5a3c97\\selenium-devtools-v136-4.33.0.jar;C:\\Users\\admin\\.gradle\\caches\\modules-2\\files-2.1\\org.seleniumhq.selenium\\selenium-devtools-v137\\4.33.0\\56e572bb614ee9a0ad1f49ab5e474c7eb231f74d\\selenium-devtools-v137-4.33.0.jar;C:\\Users\\admin\\.gradle\\caches\\modules-2\\files-2.1\\org.seleniumhq.selenium\\selenium-edge-driver\\4.33.0\\857a5156af7d592457a682ceefd726d562d7ccb3\\selenium-edge-driver-4.33.0.jar;C:\\Users\\admin\\.gradle\\caches\\modules-2\\files-2.1\\org.seleniumhq.selenium\\selenium-firefox-driver\\4.33.0\\6f15b600b055f2cee61600c0efdfbfa848b9d1a8\\selenium-firefox-driver-4.33.0.jar;C:\\Users\\admin\\.gradle\\caches\\modules-2\\files-2.1\\org.seleniumhq.selenium\\selenium-ie-driver\\4.33.0\\f0609e34b70675495c1ed9859630e9d68b6ce7fc\\selenium-ie-driver-4.33.0.jar;C:\\Users\\admin\\.gradle\\caches\\modules-2\\files-2.1\\org.seleniumhq.selenium\\selenium-safari-driver\\4.33.0\\89b52b82d62d7ee129b3242e93cf9aee8b05daed\\selenium-safari-driver-4.33.0.jar;C:\\Users\\admin\\.gradle\\caches\\modules-2\\files-2.1\\org.seleniumhq.selenium\\selenium-support\\4.33.0\\4994820bf2866e5407afcb89e721bfba38a836fa\\selenium-support-4.33.0.jar;C:\\Users\\admin\\.gradle\\caches\\modules-2\\files-2.1\\org.seleniumhq.selenium\\selenium-chromium-driver\\4.33.0\\30ba14ad6df821a5ee1ed691fbe04d2e3ea2df3b\\selenium-chromium-driver-4.33.0.jar;C:\\Users\\admin\\.gradle\\caches\\modules-2\\files-2.1\\org.seleniumhq.selenium\\selenium-remote-driver\\4.33.0\\22424dd246722763a35623d94f7a2b0299bfa5de\\selenium-remote-driver-4.33.0.jar;C:\\Users\\admin\\.gradle\\caches\\modules-2\\files-2.1\\com.google.guava\\guava\\33.4.8-jre\\e70a3268e6cd3e7d458aa15787ce6811c34e96ae\\guava-33.4.8-jre.jar;C:\\Users\\admin\\.gradle\\caches\\modules-2\\files-2.1\\org.seleniumhq.selenium\\selenium-manager\\4.33.0\\110b0565298889ab4f971b29dfc00b775c3c062\\selenium-manager-4.33.0.jar;C:\\Users\\admin\\.gradle\\caches\\modules-2\\files-2.1\\org.seleniumhq.selenium\\selenium-http\\4.33.0\\8e72bf24c45ea591faf205ca7323339a0ab0c164\\selenium-http-4.33.0.jar;C:\\Users\\admin\\.gradle\\caches\\modules-2\\files-2.1\\org.seleniumhq.selenium\\selenium-json\\4.33.0\\29358392fe46e47a9b12411cb8ab4376af1d0f68\\selenium-json-4.33.0.jar;C:\\Users\\admin\\.gradle\\caches\\modules-2\\files-2.1\\org.seleniumhq.selenium\\selenium-os\\4.33.0\\2e7ab2c1b46c9002de68078fae3bbba8aeefb9e9\\selenium-os-4.33.0.jar;C:\\Users\\admin\\.gradle\\caches\\modules-2\\files-2.1\\org.seleniumhq.selenium\\selenium-api\\4.33.0\\8805e9fe7b20f4e325ca392d0e869482cf977d0e\\selenium-api-4.33.0.jar;C:\\Users\\admin\\.gradle\\caches\\modules-2\\files-2.1\\org.jspecify\\jspecify\\1.0.0\\7425a601c1c7ec76645a78d22b8c6a627edee507\\jspecify-1.0.0.jar;C:\\Users\\admin\\.gradle\\caches\\modules-2\\files-2.1\\com.google.errorprone\\error_prone_annotations\\2.38.0\\fc0ae991433e8590ba51cd558421478318a74c8c\\error_prone_annotations-2.38.0.jar;C:\\Users\\admin\\.gradle\\caches\\modules-2\\files-2.1\\org.apache.commons\\commons-lang3\\3.17.0\\b17d2136f0460dcc0d2016ceefca8723bdf4ee70\\commons-lang3-3.17.0.jar;C:\\Users\\admin\\.gradle\\caches\\modules-2\\files-2.1\\commons-io\\commons-io\\2.19.0\\1f8d4a99ba72b77aa69101175efc79b0c7dcdd7e\\commons-io-2.19.0.jar;C:\\Users\\admin\\.gradle\\caches\\modules-2\\files-2.1\\org.apache.httpcomponents.client5\\httpclient5\\5.5\\4b3d253351cf74eb0ae8eb21ca5a5fb9815ef861\\httpclient5-5.5.jar;C:\\Users\\admin\\.gradle\\caches\\modules-2\\files-2.1\\org.slf4j\\slf4j-api\\2.0.17\\d9e58ac9c7779ba3bf8142aff6c830617a7fe60f\\slf4j-api-2.0.17.jar;C:\\Users\\admin\\.gradle\\caches\\modules-2\\files-2.1\\io.qameta.allure\\allure-model\\2.19.0\\aa88eada548fa693791afcb10b0803f519d95cd6\\allure-model-2.19.0.jar;C:\\Users\\admin\\.gradle\\caches\\modules-2\\files-2.1\\com.google.guava\\failureaccess\\1.0.3\\aeaffd00d57023a2c947393ed251f0354f0985fc\\failureaccess-1.0.3.jar;C:\\Users\\admin\\.gradle\\caches\\modules-2\\files-2.1\\com.google.guava\\listenablefuture\\9999.0-empty-to-avoid-conflict-with-guava\\b421526c5f297295adef1c886e5246c39d4ac629\\listenablefuture-9999.0-empty-to-avoid-conflict-with-guava.jar;C:\\Users\\admin\\.gradle\\caches\\modules-2\\files-2.1\\com.google.j2objc\\j2objc-annotations\\3.0.0\\7399e65dd7e9ff3404f4535b2f017093bdb134c7\\j2objc-annotations-3.0.0.jar;C:\\Users\\admin\\.gradle\\caches\\modules-2\\files-2.1\\com.github.valfirst.browserup-proxy\\browserup-proxy-core\\3.2.0\\12b123198cef6852d675e0e18c2c048762ce9bcb\\browserup-proxy-core-3.2.0.jar;C:\\Users\\admin\\.gradle\\caches\\modules-2\\files-2.1\\org.opentest4j\\opentest4j\\1.3.0\\152ea56b3a72f655d4fd677fc0ef2596c3dd5e6e\\opentest4j-1.3.0.jar;C:\\Users\\admin\\.gradle\\caches\\modules-2\\files-2.1\\com.google.auto.service\\auto-service-annotations\\1.1.1\\da12a15cd058ba90a0ff55357fb521161af4736d\\auto-service-annotations-1.1.1.jar;C:\\Users\\admin\\.gradle\\caches\\modules-2\\files-2.1\\io.opentelemetry\\opentelemetry-exporter-logging\\1.50.0\\f346b37a6c02428fc4606a089566c87ad82dc211\\opentelemetry-exporter-logging-1.50.0.jar;C:\\Users\\admin\\.gradle\\caches\\modules-2\\files-2.1\\io.opentelemetry\\opentelemetry-sdk-extension-autoconfigure\\1.50.0\\ad69f784c48db4bdc216f90fddead6c7e26b0727\\opentelemetry-sdk-extension-autoconfigure-1.50.0.jar;C:\\Users\\admin\\.gradle\\caches\\modules-2\\files-2.1\\io.opentelemetry\\opentelemetry-sdk-extension-autoconfigure-spi\\1.50.0\\47676b3c16db83a30b002d0e9cd9e6405236dd21\\opentelemetry-sdk-extension-autoconfigure-spi-1.50.0.jar;C:\\Users\\admin\\.gradle\\caches\\modules-2\\files-2.1\\io.opentelemetry\\opentelemetry-sdk\\1.50.0\\1c6ffdd0bf5a3e42154912f0ab1b1bbd73499af1\\opentelemetry-sdk-1.50.0.jar;C:\\Users\\admin\\.gradle\\caches\\modules-2\\files-2.1\\io.opentelemetry\\opentelemetry-sdk-trace\\1.50.0\\19d60d3b72aa2d0d89a02361eedf7157ecc1fc7d\\opentelemetry-sdk-trace-1.50.0.jar;C:\\Users\\admin\\.gradle\\caches\\modules-2\\files-2.1\\io.opentelemetry\\opentelemetry-sdk-metrics\\1.50.0\\49432de0171798f671bda82bf7eef6ae283b3b7d\\opentelemetry-sdk-metrics-1.50.0.jar;C:\\Users\\admin\\.gradle\\caches\\modules-2\\files-2.1\\io.opentelemetry\\opentelemetry-sdk-logs\\1.50.0\\fb7ace15eca8878a2c3cf86320ed1d2fd1c0f206\\opentelemetry-sdk-logs-1.50.0.jar;C:\\Users\\admin\\.gradle\\caches\\modules-2\\files-2.1\\io.opentelemetry\\opentelemetry-sdk-common\\1.50.0\\928c43d75cd0675070d38d041973370823d6face\\opentelemetry-sdk-common-1.50.0.jar;C:\\Users\\admin\\.gradle\\caches\\modules-2\\files-2.1\\io.opentelemetry\\opentelemetry-api\\1.50.0\\83a69114c56ff2664d21906c62431bceb1c294ed\\opentelemetry-api-1.50.0.jar;C:\\Users\\admin\\.gradle\\caches\\modules-2\\files-2.1\\io.opentelemetry\\opentelemetry-context\\1.50.0\\dcdc20a193e82d66ecf5a1a978a799bc19e9b210\\opentelemetry-context-1.50.0.jar;C:\\Users\\admin\\.gradle\\caches\\modules-2\\files-2.1\\net.bytebuddy\\byte-buddy\\1.17.5\\88450f120903b7e72470462cdbd2b75a3842223c\\byte-buddy-1.17.5.jar;C:\\Users\\admin\\.gradle\\caches\\modules-2\\files-2.1\\org.apache.httpcomponents.core5\\httpcore5-h2\\5.3.4\\3742a9a9ba3a5a0d45be230093b52a1302a561e2\\httpcore5-h2-5.3.4.jar;C:\\Users\\admin\\.gradle\\caches\\modules-2\\files-2.1\\org.apache.httpcomponents.core5\\httpcore5\\5.3.4\\ea47f0fe6e00ffb07cec3a0cb1bb801b1a9cc353\\httpcore5-5.3.4.jar;C:\\Users\\admin\\.gradle\\caches\\modules-2\\files-2.1\\org.apache.commons\\commons-exec\\1.4.0\\e9061b21958bfaf1cb736eb22e36cbf02d8fe9f\\commons-exec-1.4.0.jar
Launcher Type: SUN_STANDARD

[Global flags]
     intx CICompilerCount                          = 4                                         {product} {ergonomic}
     uint ConcGCThreads                            = 3                                         {product} {ergonomic}
     uint G1ConcRefinementThreads                  = 10                                        {product} {ergonomic}
   size_t G1HeapRegionSize                         = 1048576                                   {product} {ergonomic}
    uintx GCDrainStackTargetSize                   = 64                                        {product} {ergonomic}
   size_t InitialHeapSize                          = 264241152                                 {product} {ergonomic}
   size_t MarkStackSize                            = 4194304                                   {product} {ergonomic}
   size_t MaxHeapSize                              = 536870912                                 {product} {command line}
   size_t MaxNewSize                               = 321912832                                 {product} {ergonomic}
   size_t MinHeapDeltaBytes                        = 1048576                                   {product} {ergonomic}
   size_t MinHeapSize                              = 8388608                                   {product} {ergonomic}
    uintx NonNMethodCodeHeapSize                   = 5839372                                {pd product} {ergonomic}
    uintx NonProfiledCodeHeapSize                  = 122909434                              {pd product} {ergonomic}
    uintx ProfiledCodeHeapSize                     = 122909434                              {pd product} {ergonomic}
    uintx ReservedCodeCacheSize                    = 251658240                              {pd product} {ergonomic}
     bool SegmentedCodeCache                       = true                                      {product} {ergonomic}
   size_t SoftMaxHeapSize                          = 536870912                              {manageable} {ergonomic}
     bool UseCompressedOops                        = true                           {product lp64_product} {ergonomic}
     bool UseG1GC                                  = true                                      {product} {ergonomic}
     bool UseLargePagesIndividualAllocation        = false                                  {pd product} {ergonomic}

Logging:
Log output configuration:
 #0: stdout all=warning uptime,level,tags foldmultilines=false
 #1: stderr all=off uptime,level,tags foldmultilines=false

Environment Variables:
JAVA_HOME=C:\Program Files\Java\jdk-17
PATH=C:\Program Files\Common Files\Oracle\Java\javapath;C:\Windows\System32\HWAudioDriver;C:\Windows\system32;C:\Windows;C:\Windows\System32\Wbem;C:\Windows\System32\WindowsPowerShell\v1.0\;C:\Windows\System32\OpenSSH\;C:\Users\Administrator\AppData\Local\Microsoft\WindowsApps;C:\Program Files\WireGuard\;C:\Program Files\Microsoft SQL Server\150\Tools\Binn\;C:\WINDOWS\system32;C:\WINDOWS;C:\WINDOWS\System32\Wbem;C:\WINDOWS\System32\WindowsPowerShell\v1.0\;C:\WINDOWS\System32\OpenSSH\;C:\Program Files\Git\cmd;C:\Gradle\bin;C:\Program Files\dotnet\;C:\Program Files\Google\Chrome\Application\chromedriver-win64\;C:\Users\admin\AppData\Local\Microsoft\WindowsApps;C:\Users\admin\.dotnet\tools
USERNAME=admin
OS=Windows_NT
PROCESSOR_IDENTIFIER=Intel64 Family 6 Model 154 Stepping 3, GenuineIntel
TMP=C:\Users\admin\AppData\Local\Temp
TEMP=C:\Users\admin\AppData\Local\Temp




Periodic native trim disabled

---------------  S Y S T E M  ---------------

OS:
 Windows 11 , 64 bit Build 26100 (10.0.26100.4484)
OS uptime: 9 days 8:55 hours
Hyper-V role detected

CPU: total 12 (initial active 12) (6 cores per cpu, 2 threads per core) family 6 model 154 stepping 3 microcode 0x426, cx8, cmov, fxsr, ht, mmx, 3dnowpref, sse, sse2, sse3, ssse3, sse4.1, sse4.2, popcnt, lzcnt, tsc, tscinvbit, avx, avx2, aes, erms, clmul, bmi1, bmi2, adx, sha, fma, vzeroupper, clflush, clflushopt, clwb, hv, serialize, rdtscp, rdpid, fsrm, f16c, cet_ibt, cet_ss
Processor Information for processor 0
  Max Mhz: 2000, Current Mhz: 2000, Mhz Limit: 2000
Processor Information for processor 1
  Max Mhz: 2000, Current Mhz: 2000, Mhz Limit: 2000
Processor Information for processor 2
  Max Mhz: 2000, Current Mhz: 2000, Mhz Limit: 2000
Processor Information for processor 3
  Max Mhz: 2000, Current Mhz: 2000, Mhz Limit: 2000
Processor Information for processor 4
  Max Mhz: 2000, Current Mhz: 2000, Mhz Limit: 2000
Processor Information for processor 5
  Max Mhz: 2000, Current Mhz: 2000, Mhz Limit: 2000
Processor Information for processor 6
  Max Mhz: 2000, Current Mhz: 2000, Mhz Limit: 2000
Processor Information for processor 7
  Max Mhz: 2000, Current Mhz: 2000, Mhz Limit: 2000
Processor Information for processor 8
  Max Mhz: 2000, Current Mhz: 2000, Mhz Limit: 2000
Processor Information for processor 9
  Max Mhz: 2000, Current Mhz: 2000, Mhz Limit: 2000
Processor Information for processor 10
  Max Mhz: 2000, Current Mhz: 1466, Mhz Limit: 2000
Processor Information for processor 11
  Max Mhz: 2000, Current Mhz: 2000, Mhz Limit: 2000

Memory: 4k page, system-wide physical 16108M (838M free)
TotalPageFile size 41708M (AvailPageFile size 5M)
current process WorkingSet (physical memory assigned to process): 256M, peak: 300M
current process commit charge ("private bytes"): 299M, peak: 426M

vm_info: OpenJDK 64-Bit Server VM (21.0.7+6-LTS) for windows-amd64 JRE (21.0.7+6-LTS), built on 2025-04-09T22:17:25Z by "MicrosoftCorporation" with unknown MS VC++:1939

END.
